2021-02-22 21:43:22,715 - INFO - **************** Test_001_Login ****************
2021-02-22 21:43:22,715 - INFO - *************verifying home page title*********
2021-02-22 21:43:27,691 - INFO - ****************home page title test case passed********************
2021-02-22 21:43:35,614 - INFO - ********************verifying login test*************
2021-02-22 21:43:48,555 - INFO - ******************** login test case is passed ***************
2021-02-22 21:44:57,945 - INFO - **************** Test_001_Login ****************
2021-02-22 21:44:57,945 - INFO - *************verifying home page title*********
2021-02-22 21:45:02,640 - INFO - ****************home page title test case passed********************
2021-02-22 21:45:10,623 - INFO - ********************verifying login test*************
2021-02-22 21:45:20,791 - INFO - ******************** login test case is passed ***************
2021-02-22 21:48:49,813 - INFO - **************** Test_001_Login ****************
2021-02-22 21:48:49,813 - INFO - *************verifying home page title*********
2021-02-22 21:48:55,529 - INFO - ****************home page title test case passed********************
2021-02-22 21:49:03,493 - INFO - ********************verifying login test*************
2021-02-22 21:49:16,614 - INFO - ******************** login test case is passed ***************
2021-02-22 22:13:43,482 - INFO - **************** Test_001_Login ****************
2021-02-22 22:13:43,482 - INFO - *************verifying home page title*********
2021-02-22 22:13:49,487 - INFO - ****************home page title test case passed********************
2021-02-22 22:13:57,413 - INFO - ********************verifying login test*************
2021-02-22 22:14:10,628 - INFO - ************************* login test case is Failed *****************
2021-02-23 11:10:16,880 - INFO - ********************Test_002_Login_DDT*************
2021-02-23 11:10:16,881 - INFO - ********************verifying login DDT test*************
2021-02-23 11:14:15,786 - INFO - ********************Test_002_Login_DDT*************
2021-02-23 11:14:15,786 - INFO - ********************verifying login DDT test*************
2021-02-23 11:14:30,569 - INFO - ************Passed*******
2021-02-23 11:14:37,671 - INFO - **********Passes**********
2021-02-23 11:23:10,182 - INFO - ********************Test_002_Login_DDT*************
2021-02-23 11:23:10,183 - INFO - ********************verifying login DDT test*************
2021-02-23 11:23:26,256 - INFO - ************Passed*******
2021-02-23 11:23:33,322 - INFO - **********Passes**********
2021-02-23 11:24:51,906 - INFO - ********************Test_002_Login_DDT*************
2021-02-23 11:24:51,906 - INFO - ********************verifying login DDT test*************
2021-02-23 11:25:07,742 - INFO - ************Passed*******
2021-02-23 11:25:15,897 - INFO - **********Passes**********
2021-02-23 11:29:29,851 - INFO - ********************Test_002_Login_DDT*************
2021-02-23 11:29:29,852 - INFO - ********************verifying login DDT test*************
2021-02-23 11:29:46,150 - INFO - ************Passed*******
2021-02-23 11:29:53,941 - INFO - **********Passes**********
2021-02-23 11:29:59,690 - INFO - **********Passes**********
2021-02-23 11:37:53,116 - INFO - ********************Test_002_Login_DDT*************
2021-02-23 11:37:53,116 - INFO - ********************verifying login DDT test*************
2021-02-23 11:38:08,112 - INFO - ************Passed*******
2021-02-23 11:38:14,881 - INFO - **********Passed**********
2021-02-23 11:38:25,549 - INFO - **********Passed**********
2021-02-23 11:46:43,727 - INFO - ********************Test_002_Login_DDT*************
2021-02-23 11:46:43,727 - INFO - ********************verifying login DDT test*************
2021-02-23 11:46:58,682 - INFO - ************Passed*******
2021-02-23 11:47:06,996 - INFO - **********Passed**********
2021-02-23 11:51:30,726 - INFO - ********************Test_002_Login_DDT*************
2021-02-23 11:51:30,726 - INFO - ********************verifying login DDT test*************
2021-02-23 11:51:44,356 - INFO - ************Passed*******
2021-02-23 11:51:51,253 - INFO - **********Passed**********
2021-02-23 11:52:01,924 - INFO - **********Passed**********
2021-02-23 11:54:11,027 - INFO - ********************Test_002_Login_DDT*************
2021-02-23 11:54:11,028 - INFO - ********************verifying login DDT test*************
2021-02-23 11:54:24,759 - INFO - ************Passed*******
2021-02-23 11:54:31,539 - INFO - **********Passed**********
2021-02-23 11:54:43,256 - INFO - **********Passed**********
2021-02-23 11:54:53,550 - INFO - **********Passed**********
2021-02-23 11:54:58,576 - INFO - ************testloginDDT is Passesd*************
2021-03-17 18:56:11,854 - INFO - **************** Test_001_Login ****************
2021-03-17 18:56:11,854 - INFO - *************verifying home page title*********
2021-03-17 18:56:17,147 - INFO - ****************home page title test case passed********************
2021-03-17 18:56:19,148 - INFO - ********************verifying login test*************
2021-03-17 18:57:34,986 - INFO - **************** Test_001_Login ****************
2021-03-17 18:57:34,990 - INFO - *************verifying home page title*********
2021-03-17 18:57:39,260 - INFO - ****************home page title test case passed********************
2021-03-17 18:57:40,883 - INFO - ********************verifying login test*************
2021-03-17 19:02:31,603 - INFO - **************** Test_001_Login ****************
2021-03-17 19:02:31,603 - INFO - *************verifying home page title*********
2021-03-17 19:02:35,745 - INFO - ****************home page title test case passed********************
2021-03-17 19:02:37,397 - INFO - ********************verifying login test*************
2021-03-17 19:04:03,719 - INFO - **************** Test_001_Login ****************
2021-03-17 19:04:03,719 - INFO - *************verifying home page title*********
2021-03-17 19:04:08,103 - INFO - ****************home page title test case passed********************
2021-03-17 19:04:09,572 - INFO - ********************verifying login test*************
2021-03-17 19:18:21,651 - INFO - **************** Test_001_Login ****************
2021-03-17 19:18:21,651 - INFO - *************verifying home page title*********
2021-03-17 19:18:26,855 - INFO - ****************home page title test case passed********************
2021-03-17 19:18:28,288 - INFO - ********************verifying login test*************
2021-03-17 19:19:34,344 - INFO - **************** Test_001_Login ****************
2021-03-17 19:19:34,344 - INFO - *************verifying home page title*********
2021-03-17 19:19:38,148 - INFO - ****************home page title test case passed********************
2021-03-17 19:19:39,592 - INFO - ********************verifying login test*************
2021-03-17 19:20:54,733 - INFO - **************** Test_001_Login ****************
2021-03-17 19:20:54,733 - INFO - *************verifying home page title*********
2021-03-17 19:20:59,018 - INFO - ****************home page title test case passed********************
2021-03-17 19:21:00,466 - INFO - ********************verifying login test*************
2021-03-17 19:22:17,550 - INFO - **************** Test_001_Login ****************
2021-03-17 19:22:17,550 - INFO - *************verifying home page title*********
2021-03-17 19:22:22,279 - INFO - ****************home page title test case passed********************
2021-03-17 19:22:23,769 - INFO - ********************verifying login test*************
